Arguments: 
  /usr/local/bin/node /usr/local/bin/yarn add reflect-metadata routing-controllers

PATH: 
  /usr/local/opt/icu4c/sbin:/usr/local/opt/icu4c/bin:/Users/mohammed/.composer/vendor/bin:/Users/mohammed/bin:/usr/local/bin:/usr/bin:/bin:/usr/sbin:/sbin:/Library/Frameworks/Mono.framework/Versions/Current/Commands:/Applications/Wireshark.app/Contents/MacOS:/Users/mohammed/usr/local/bin:/Users/mohammed/.antigen/bundles/zsh-users/zsh-syntax-highlighting:/Users/mohammed/.antigen/bundles/zsh-users/zsh-autosuggestions:/Users/mohammed/.antigen/bundles/zsh-users/zsh-completions:/Users/mohammed/.antigen/bundles/lukechilds/zsh-better-npm-completion:/Users/mohammed/.antigen/bundles/vasyharan/zsh-brew-services

Yarn version: 
  1.16.0

Node version: 
  10.16.0

Platform: 
  darwin x64

Trace: 
  Error: EACCES: permission denied, mkdir '/Users/mohammed/projects/garage-prototype/server/node_modules/define-property/node_modules/kind-of'

npm manifest: 
  {
    "name": "server",
    "version": "1.0.0",
    "description": "",
    "main": "index.js",
    "scripts": {
      "test": "echo \"Error: no test specified\" && exit 1",
      "start": "ts-node-dev --respawn src/index.ts"
    },
    "keywords": [],
    "author": "",
    "license": "ISC",
    "devDependencies": {
      "@types/express": "^4.17.0",
      "@types/node": "^12.6.8",
      "@types/uuid": "^3.4.5",
      "nodemon": "^1.19.1",
      "ts-node": "^8.3.0",
      "ts-node-dev": "^1.0.0-pre.40",
      "typescript": "^3.5.3"
    },
    "dependencies": {
      "body-parser": "^1.19.0",
      "express": "^4.17.1",
      "pusher": "^2.2.1",
      "uuid": "^3.3.2"
    }
  }

yarn manifest: 
  No manifest

Lockfile: 
  No lockfile
